{"/Users/jorgenscheel/Documents/GitHub/virtual-mcr/packages/worker/src/middleware/auth.ts": {"path":"/Users/jorgenscheel/Documents/GitHub/virtual-mcr/packages/worker/src/middleware/auth.ts","statementMap":{"0":{"start":{"line":5,"column":13},"end":{"line":19,"column":null}},"1":{"start":{"line":6,"column":17},"end":{"line":6,"column":null}},"2":{"start":{"line":7,"column":22},"end":{"line":7,"column":null}},"3":{"start":{"line":9,"column":2},"end":{"line":12,"column":null}},"4":{"start":{"line":10,"column":4},"end":{"line":10,"column":null}},"5":{"start":{"line":11,"column":4},"end":{"line":11,"column":null}},"6":{"start":{"line":14,"column":2},"end":{"line":16,"column":null}},"7":{"start":{"line":15,"column":4},"end":{"line":15,"column":null}},"8":{"start":{"line":18,"column":2},"end":{"line":18,"column":null}}},"fnMap":{"0":{"name":"(anonymous_0)","decl":{"start":{"line":5,"column":62},"end":{"line":5,"column":69}},"loc":{"start":{"line":5,"column":81},"end":{"line":19,"column":1}},"line":5}},"branchMap":{"0":{"loc":{"start":{"line":9,"column":2},"end":{"line":12,"column":null}},"type":"if","locations":[{"start":{"line":9,"column":2},"end":{"line":12,"column":null}},{"start":{},"end":{}}],"line":9},"1":{"loc":{"start":{"line":14,"column":2},"end":{"line":16,"column":null}},"type":"if","locations":[{"start":{"line":14,"column":2},"end":{"line":16,"column":null}},{"start":{},"end":{}}],"line":14},"2":{"loc":{"start":{"line":14,"column":6},"end":{"line":14,"column":41}},"type":"binary-expr","locations":[{"start":{"line":14,"column":6},"end":{"line":14,"column":17}},{"start":{"line":14,"column":17},"end":{"line":14,"column":41}}],"line":14}},"s":{"0":1,"1":4,"2":4,"3":4,"4":1,"5":1,"6":3,"7":2,"8":1},"f":{"0":4},"b":{"0":[1,3],"1":[2,1],"2":[3,2]},"meta":{"lastBranch":3,"lastFunction":1,"lastStatement":9,"seen":{"s:5:13:19:Infinity":0,"f:5:62:5:69":0,"s:6:17:6:Infinity":1,"s:7:22:7:Infinity":2,"b:9:2:12:Infinity:undefined:undefined:undefined:undefined":0,"s:9:2:12:Infinity":3,"s:10:4:10:Infinity":4,"s:11:4:11:Infinity":5,"b:14:2:16:Infinity:undefined:undefined:undefined:undefined":1,"s:14:2:16:Infinity":6,"b:14:6:14:17:14:17:14:41":2,"s:15:4:15:Infinity":7,"s:18:2:18:Infinity":8}}}
,"/Users/jorgenscheel/Documents/GitHub/virtual-mcr/packages/worker/src/middleware/request-logger.ts": {"path":"/Users/jorgenscheel/Documents/GitHub/virtual-mcr/packages/worker/src/middleware/request-logger.ts","statementMap":{"0":{"start":{"line":4,"column":13},"end":{"line":15,"column":null}},"1":{"start":{"line":5,"column":16},"end":{"line":5,"column":null}},"2":{"start":{"line":6,"column":17},"end":{"line":6,"column":null}},"3":{"start":{"line":7,"column":15},"end":{"line":7,"column":null}},"4":{"start":{"line":9,"column":2},"end":{"line":9,"column":null}},"5":{"start":{"line":11,"column":19},"end":{"line":11,"column":null}},"6":{"start":{"line":12,"column":17},"end":{"line":12,"column":null}},"7":{"start":{"line":14,"column":2},"end":{"line":14,"column":null}}},"fnMap":{"0":{"name":"(anonymous_0)","decl":{"start":{"line":4,"column":65},"end":{"line":4,"column":72}},"loc":{"start":{"line":4,"column":84},"end":{"line":15,"column":1}},"line":4}},"branchMap":{},"s":{"0":1,"1":2,"2":2,"3":2,"4":2,"5":2,"6":2,"7":2},"f":{"0":2},"b":{},"meta":{"lastBranch":0,"lastFunction":1,"lastStatement":8,"seen":{"s:4:13:15:Infinity":0,"f:4:65:4:72":0,"s:5:16:5:Infinity":1,"s:6:17:6:Infinity":2,"s:7:15:7:Infinity":3,"s:9:2:9:Infinity":4,"s:11:19:11:Infinity":5,"s:12:17:12:Infinity":6,"s:14:2:14:Infinity":7}}}
,"/Users/jorgenscheel/Documents/GitHub/virtual-mcr/packages/worker/src/routes/health.ts": {"path":"/Users/jorgenscheel/Documents/GitHub/virtual-mcr/packages/worker/src/routes/health.ts","statementMap":{"0":{"start":{"line":4,"column":15},"end":{"line":4,"column":null}},"1":{"start":{"line":6,"column":0},"end":{"line":12,"column":null}},"2":{"start":{"line":7,"column":2},"end":{"line":11,"column":null}}},"fnMap":{"0":{"name":"(anonymous_0)","decl":{"start":{"line":6,"column":16},"end":{"line":6,"column":17}},"loc":{"start":{"line":6,"column":23},"end":{"line":12,"column":1}},"line":6}},"branchMap":{},"s":{"0":1,"1":1,"2":1},"f":{"0":1},"b":{},"meta":{"lastBranch":0,"lastFunction":1,"lastStatement":3,"seen":{"s:4:15:4:Infinity":0,"s:6:0:12:Infinity":1,"f:6:16:6:17":0,"s:7:2:11:Infinity":2}}}
,"/Users/jorgenscheel/Documents/GitHub/virtual-mcr/packages/worker/src/routes/outputs.ts": {"path":"/Users/jorgenscheel/Documents/GitHub/virtual-mcr/packages/worker/src/routes/outputs.ts","statementMap":{"0":{"start":{"line":6,"column":16},"end":{"line":6,"column":null}},"1":{"start":{"line":8,"column":0},"end":{"line":13,"column":null}},"2":{"start":{"line":9,"column":18},"end":{"line":9,"column":null}},"3":{"start":{"line":10,"column":19},"end":{"line":10,"column":null}},"4":{"start":{"line":11,"column":15},"end":{"line":11,"column":null}},"5":{"start":{"line":12,"column":2},"end":{"line":12,"column":null}},"6":{"start":{"line":15,"column":0},"end":{"line":25,"column":null}},"7":{"start":{"line":16,"column":19},"end":{"line":16,"column":null}},"8":{"start":{"line":17,"column":2},"end":{"line":19,"column":null}},"9":{"start":{"line":18,"column":4},"end":{"line":18,"column":null}},"10":{"start":{"line":21,"column":18},"end":{"line":21,"column":null}},"11":{"start":{"line":22,"column":19},"end":{"line":22,"column":null}},"12":{"start":{"line":23,"column":15},"end":{"line":23,"column":null}},"13":{"start":{"line":24,"column":2},"end":{"line":24,"column":null}},"14":{"start":{"line":27,"column":0},"end":{"line":52,"column":null}},"15":{"start":{"line":28,"column":19},"end":{"line":28,"column":null}},"16":{"start":{"line":29,"column":2},"end":{"line":31,"column":null}},"17":{"start":{"line":30,"column":4},"end":{"line":30,"column":null}},"18":{"start":{"line":33,"column":15},"end":{"line":33,"column":null}},"19":{"start":{"line":34,"column":2},"end":{"line":36,"column":null}},"20":{"start":{"line":35,"column":4},"end":{"line":35,"column":null}},"21":{"start":{"line":39,"column":24},"end":{"line":39,"column":null}},"22":{"start":{"line":40,"column":17},"end":{"line":40,"column":null}},"23":{"start":{"line":41,"column":2},"end":{"line":43,"column":null}},"24":{"start":{"line":42,"column":4},"end":{"line":42,"column":null}},"25":{"start":{"line":45,"column":24},"end":{"line":45,"column":null}},"26":{"start":{"line":46,"column":19},"end":{"line":49,"column":null}},"27":{"start":{"line":50,"column":15},"end":{"line":50,"column":null}},"28":{"start":{"line":51,"column":2},"end":{"line":51,"column":null}}},"fnMap":{"0":{"name":"(anonymous_0)","decl":{"start":{"line":8,"column":17},"end":{"line":8,"column":24}},"loc":{"start":{"line":8,"column":30},"end":{"line":13,"column":1}},"line":8},"1":{"name":"(anonymous_1)","decl":{"start":{"line":15,"column":20},"end":{"line":15,"column":27}},"loc":{"start":{"line":15,"column":33},"end":{"line":25,"column":1}},"line":15},"2":{"name":"(anonymous_2)","decl":{"start":{"line":27,"column":28},"end":{"line":27,"column":35}},"loc":{"start":{"line":27,"column":41},"end":{"line":52,"column":1}},"line":27}},"branchMap":{"0":{"loc":{"start":{"line":17,"column":2},"end":{"line":19,"column":null}},"type":"if","locations":[{"start":{"line":17,"column":2},"end":{"line":19,"column":null}},{"start":{},"end":{}}],"line":17},"1":{"loc":{"start":{"line":17,"column":6},"end":{"line":17,"column":44}},"type":"binary-expr","locations":[{"start":{"line":17,"column":6},"end":{"line":17,"column":26}},{"start":{"line":17,"column":26},"end":{"line":17,"column":44}}],"line":17},"2":{"loc":{"start":{"line":29,"column":2},"end":{"line":31,"column":null}},"type":"if","locations":[{"start":{"line":29,"column":2},"end":{"line":31,"column":null}},{"start":{},"end":{}}],"line":29},"3":{"loc":{"start":{"line":29,"column":6},"end":{"line":29,"column":44}},"type":"binary-expr","locations":[{"start":{"line":29,"column":6},"end":{"line":29,"column":26}},{"start":{"line":29,"column":26},"end":{"line":29,"column":44}}],"line":29},"4":{"loc":{"start":{"line":34,"column":2},"end":{"line":36,"column":null}},"type":"if","locations":[{"start":{"line":34,"column":2},"end":{"line":36,"column":null}},{"start":{},"end":{}}],"line":34},"5":{"loc":{"start":{"line":41,"column":2},"end":{"line":43,"column":null}},"type":"if","locations":[{"start":{"line":41,"column":2},"end":{"line":43,"column":null}},{"start":{},"end":{}}],"line":41}},"s":{"0":1,"1":1,"2":1,"3":1,"4":1,"5":1,"6":1,"7":2,"8":2,"9":1,"10":1,"11":1,"12":1,"13":1,"14":1,"15":4,"16":4,"17":1,"18":3,"19":3,"20":1,"21":2,"22":2,"23":2,"24":1,"25":1,"26":1,"27":1,"28":1},"f":{"0":1,"1":2,"2":4},"b":{"0":[1,1],"1":[2,1],"2":[1,3],"3":[4,1],"4":[1,2],"5":[1,1]},"meta":{"lastBranch":6,"lastFunction":3,"lastStatement":29,"seen":{"s:6:16:6:Infinity":0,"s:8:0:13:Infinity":1,"f:8:17:8:24":0,"s:9:18:9:Infinity":2,"s:10:19:10:Infinity":3,"s:11:15:11:Infinity":4,"s:12:2:12:Infinity":5,"s:15:0:25:Infinity":6,"f:15:20:15:27":1,"s:16:19:16:Infinity":7,"b:17:2:19:Infinity:undefined:undefined:undefined:undefined":0,"s:17:2:19:Infinity":8,"b:17:6:17:26:17:26:17:44":1,"s:18:4:18:Infinity":9,"s:21:18:21:Infinity":10,"s:22:19:22:Infinity":11,"s:23:15:23:Infinity":12,"s:24:2:24:Infinity":13,"s:27:0:52:Infinity":14,"f:27:28:27:35":2,"s:28:19:28:Infinity":15,"b:29:2:31:Infinity:undefined:undefined:undefined:undefined":2,"s:29:2:31:Infinity":16,"b:29:6:29:26:29:26:29:44":3,"s:30:4:30:Infinity":17,"s:33:15:33:Infinity":18,"b:34:2:36:Infinity:undefined:undefined:undefined:undefined":4,"s:34:2:36:Infinity":19,"s:35:4:35:Infinity":20,"s:39:24:39:Infinity":21,"s:40:17:40:Infinity":22,"b:41:2:43:Infinity:undefined:undefined:undefined:undefined":5,"s:41:2:43:Infinity":23,"s:42:4:42:Infinity":24,"s:45:24:45:Infinity":25,"s:46:19:49:Infinity":26,"s:50:15:50:Infinity":27,"s:51:2:51:Infinity":28}}}
,"/Users/jorgenscheel/Documents/GitHub/virtual-mcr/packages/worker/src/routes/sources.ts": {"path":"/Users/jorgenscheel/Documents/GitHub/virtual-mcr/packages/worker/src/routes/sources.ts","statementMap":{"0":{"start":{"line":5,"column":16},"end":{"line":5,"column":null}},"1":{"start":{"line":7,"column":0},"end":{"line":11,"column":null}},"2":{"start":{"line":8,"column":18},"end":{"line":8,"column":null}},"3":{"start":{"line":9,"column":15},"end":{"line":9,"column":null}},"4":{"start":{"line":10,"column":2},"end":{"line":10,"column":null}},"5":{"start":{"line":13,"column":0},"end":{"line":20,"column":null}},"6":{"start":{"line":14,"column":18},"end":{"line":14,"column":null}},"7":{"start":{"line":15,"column":17},"end":{"line":15,"column":null}},"8":{"start":{"line":16,"column":2},"end":{"line":18,"column":null}},"9":{"start":{"line":17,"column":4},"end":{"line":17,"column":null}},"10":{"start":{"line":19,"column":2},"end":{"line":19,"column":null}},"11":{"start":{"line":22,"column":0},"end":{"line":36,"column":null}},"12":{"start":{"line":23,"column":15},"end":{"line":23,"column":null}},"13":{"start":{"line":25,"column":2},"end":{"line":30,"column":null}},"14":{"start":{"line":26,"column":4},"end":{"line":29,"column":null}},"15":{"start":{"line":32,"column":18},"end":{"line":32,"column":null}},"16":{"start":{"line":33,"column":13},"end":{"line":33,"column":null}},"17":{"start":{"line":34,"column":17},"end":{"line":34,"column":null}},"18":{"start":{"line":35,"column":2},"end":{"line":35,"column":null}},"19":{"start":{"line":38,"column":0},"end":{"line":48,"column":null}},"20":{"start":{"line":39,"column":18},"end":{"line":39,"column":null}},"21":{"start":{"line":40,"column":15},"end":{"line":40,"column":null}},"22":{"start":{"line":41,"column":17},"end":{"line":41,"column":null}},"23":{"start":{"line":43,"column":2},"end":{"line":45,"column":null}},"24":{"start":{"line":44,"column":4},"end":{"line":44,"column":null}},"25":{"start":{"line":47,"column":2},"end":{"line":47,"column":null}},"26":{"start":{"line":50,"column":0},"end":{"line":59,"column":null}},"27":{"start":{"line":51,"column":18},"end":{"line":51,"column":null}},"28":{"start":{"line":52,"column":18},"end":{"line":52,"column":null}},"29":{"start":{"line":54,"column":2},"end":{"line":56,"column":null}},"30":{"start":{"line":55,"column":4},"end":{"line":55,"column":null}},"31":{"start":{"line":58,"column":2},"end":{"line":58,"column":null}}},"fnMap":{"0":{"name":"(anonymous_0)","decl":{"start":{"line":7,"column":17},"end":{"line":7,"column":24}},"loc":{"start":{"line":7,"column":30},"end":{"line":11,"column":1}},"line":7},"1":{"name":"(anonymous_1)","decl":{"start":{"line":13,"column":20},"end":{"line":13,"column":27}},"loc":{"start":{"line":13,"column":33},"end":{"line":20,"column":1}},"line":13},"2":{"name":"(anonymous_2)","decl":{"start":{"line":22,"column":18},"end":{"line":22,"column":25}},"loc":{"start":{"line":22,"column":31},"end":{"line":36,"column":1}},"line":22},"3":{"name":"(anonymous_3)","decl":{"start":{"line":38,"column":20},"end":{"line":38,"column":27}},"loc":{"start":{"line":38,"column":33},"end":{"line":48,"column":1}},"line":38},"4":{"name":"(anonymous_4)","decl":{"start":{"line":50,"column":23},"end":{"line":50,"column":30}},"loc":{"start":{"line":50,"column":36},"end":{"line":59,"column":1}},"line":50}},"branchMap":{"0":{"loc":{"start":{"line":16,"column":2},"end":{"line":18,"column":null}},"type":"if","locations":[{"start":{"line":16,"column":2},"end":{"line":18,"column":null}},{"start":{},"end":{}}],"line":16},"1":{"loc":{"start":{"line":25,"column":2},"end":{"line":30,"column":null}},"type":"if","locations":[{"start":{"line":25,"column":2},"end":{"line":30,"column":null}},{"start":{},"end":{}}],"line":25},"2":{"loc":{"start":{"line":25,"column":6},"end":{"line":25,"column":56}},"type":"binary-expr","locations":[{"start":{"line":25,"column":6},"end":{"line":25,"column":20}},{"start":{"line":25,"column":20},"end":{"line":25,"column":38}},{"start":{"line":25,"column":38},"end":{"line":25,"column":56}}],"line":25},"3":{"loc":{"start":{"line":43,"column":2},"end":{"line":45,"column":null}},"type":"if","locations":[{"start":{"line":43,"column":2},"end":{"line":45,"column":null}},{"start":{},"end":{}}],"line":43},"4":{"loc":{"start":{"line":54,"column":2},"end":{"line":56,"column":null}},"type":"if","locations":[{"start":{"line":54,"column":2},"end":{"line":56,"column":null}},{"start":{},"end":{}}],"line":54}},"s":{"0":1,"1":1,"2":1,"3":1,"4":1,"5":1,"6":2,"7":2,"8":2,"9":1,"10":1,"11":1,"12":2,"13":2,"14":1,"15":1,"16":1,"17":1,"18":1,"19":1,"20":2,"21":2,"22":2,"23":2,"24":1,"25":1,"26":1,"27":2,"28":2,"29":2,"30":1,"31":1},"f":{"0":1,"1":2,"2":2,"3":2,"4":2},"b":{"0":[1,1],"1":[1,1],"2":[2,2,1],"3":[1,1],"4":[1,1]},"meta":{"lastBranch":5,"lastFunction":5,"lastStatement":32,"seen":{"s:5:16:5:Infinity":0,"s:7:0:11:Infinity":1,"f:7:17:7:24":0,"s:8:18:8:Infinity":2,"s:9:15:9:Infinity":3,"s:10:2:10:Infinity":4,"s:13:0:20:Infinity":5,"f:13:20:13:27":1,"s:14:18:14:Infinity":6,"s:15:17:15:Infinity":7,"b:16:2:18:Infinity:undefined:undefined:undefined:undefined":0,"s:16:2:18:Infinity":8,"s:17:4:17:Infinity":9,"s:19:2:19:Infinity":10,"s:22:0:36:Infinity":11,"f:22:18:22:25":2,"s:23:15:23:Infinity":12,"b:25:2:30:Infinity:undefined:undefined:undefined:undefined":1,"s:25:2:30:Infinity":13,"b:25:6:25:20:25:20:25:38:25:38:25:56":2,"s:26:4:29:Infinity":14,"s:32:18:32:Infinity":15,"s:33:13:33:Infinity":16,"s:34:17:34:Infinity":17,"s:35:2:35:Infinity":18,"s:38:0:48:Infinity":19,"f:38:20:38:27":3,"s:39:18:39:Infinity":20,"s:40:15:40:Infinity":21,"s:41:17:41:Infinity":22,"b:43:2:45:Infinity:undefined:undefined:undefined:undefined":3,"s:43:2:45:Infinity":23,"s:44:4:44:Infinity":24,"s:47:2:47:Infinity":25,"s:50:0:59:Infinity":26,"f:50:23:50:30":4,"s:51:18:51:Infinity":27,"s:52:18:52:Infinity":28,"b:54:2:56:Infinity:undefined:undefined:undefined:undefined":4,"s:54:2:56:Infinity":29,"s:55:4:55:Infinity":30,"s:58:2:58:Infinity":31}}}
,"/Users/jorgenscheel/Documents/GitHub/virtual-mcr/packages/worker/src/services/source-service.ts": {"path":"/Users/jorgenscheel/Documents/GitHub/virtual-mcr/packages/worker/src/services/source-service.ts","statementMap":{"0":{"start":{"line":4,"column":2},"end":{"line":14,"column":null}},"1":{"start":{"line":18,"column":22},"end":{"line":18,"column":38}},"2":{"start":{"line":21,"column":19},"end":{"line":23,"column":null}},"3":{"start":{"line":24,"column":4},"end":{"line":24,"column":null}},"4":{"start":{"line":28,"column":16},"end":{"line":31,"column":null}},"5":{"start":{"line":32,"column":4},"end":{"line":32,"column":null}},"6":{"start":{"line":36,"column":10},"end":{"line":36,"column":null}},"7":{"start":{"line":37,"column":4},"end":{"line":51,"column":null}},"8":{"start":{"line":53,"column":19},"end":{"line":53,"column":null}},"9":{"start":{"line":54,"column":4},"end":{"line":54,"column":null}},"10":{"start":{"line":54,"column":17},"end":{"line":54,"column":null}},"11":{"start":{"line":55,"column":4},"end":{"line":55,"column":null}},"12":{"start":{"line":59,"column":21},"end":{"line":59,"column":null}},"13":{"start":{"line":60,"column":4},"end":{"line":60,"column":null}},"14":{"start":{"line":60,"column":19},"end":{"line":60,"column":null}},"15":{"start":{"line":62,"column":10},"end":{"line":62,"column":null}},"16":{"start":{"line":63,"column":4},"end":{"line":77,"column":null}},"17":{"start":{"line":79,"column":4},"end":{"line":79,"column":null}},"18":{"start":{"line":83,"column":19},"end":{"line":86,"column":null}},"19":{"start":{"line":87,"column":4},"end":{"line":87,"column":null}},"20":{"start":{"line":91,"column":10},"end":{"line":91,"column":null}},"21":{"start":{"line":92,"column":4},"end":{"line":97,"column":null}}},"fnMap":{"0":{"name":"rowToSource","decl":{"start":{"line":3,"column":9},"end":{"line":3,"column":21}},"loc":{"start":{"line":3,"column":59},"end":{"line":15,"column":null}},"line":3},"1":{"name":"(anonymous_1)","decl":{"start":{"line":18,"column":2},"end":{"line":18,"column":22}},"loc":{"start":{"line":18,"column":38},"end":{"line":18,"column":null}},"line":18},"2":{"name":"(anonymous_2)","decl":{"start":{"line":20,"column":8},"end":{"line":20,"column":34}},"loc":{"start":{"line":20,"column":34},"end":{"line":25,"column":null}},"line":20},"3":{"name":"(anonymous_3)","decl":{"start":{"line":27,"column":8},"end":{"line":27,"column":16}},"loc":{"start":{"line":27,"column":52},"end":{"line":33,"column":null}},"line":27},"4":{"name":"(anonymous_4)","decl":{"start":{"line":35,"column":8},"end":{"line":35,"column":15}},"loc":{"start":{"line":35,"column":71},"end":{"line":56,"column":null}},"line":35},"5":{"name":"(anonymous_5)","decl":{"start":{"line":58,"column":8},"end":{"line":58,"column":15}},"loc":{"start":{"line":58,"column":78},"end":{"line":80,"column":null}},"line":58},"6":{"name":"(anonymous_6)","decl":{"start":{"line":82,"column":8},"end":{"line":82,"column":15}},"loc":{"start":{"line":82,"column":45},"end":{"line":88,"column":null}},"line":82},"7":{"name":"(anonymous_7)","decl":{"start":{"line":90,"column":8},"end":{"line":90,"column":25}},"loc":{"start":{"line":90,"column":75},"end":{"line":98,"column":null}},"line":90}},"branchMap":{"0":{"loc":{"start":{"line":7,"column":18},"end":{"line":7,"column":null}},"type":"binary-expr","locations":[{"start":{"line":7,"column":18},"end":{"line":7,"column":48}},{"start":{"line":7,"column":48},"end":{"line":7,"column":null}}],"line":7},"1":{"loc":{"start":{"line":11,"column":25},"end":{"line":11,"column":null}},"type":"binary-expr","locations":[{"start":{"line":11,"column":25},"end":{"line":11,"column":64}},{"start":{"line":11,"column":64},"end":{"line":11,"column":null}}],"line":11},"2":{"loc":{"start":{"line":32,"column":11},"end":{"line":32,"column":null}},"type":"cond-expr","locations":[{"start":{"line":32,"column":17},"end":{"line":32,"column":36}},{"start":{"line":32,"column":36},"end":{"line":32,"column":null}}],"line":32},"3":{"loc":{"start":{"line":45,"column":8},"end":{"line":45,"column":null}},"type":"binary-expr","locations":[{"start":{"line":45,"column":8},"end":{"line":45,"column":28}},{"start":{"line":45,"column":28},"end":{"line":45,"column":null}}],"line":45},"4":{"loc":{"start":{"line":54,"column":4},"end":{"line":54,"column":null}},"type":"if","locations":[{"start":{"line":54,"column":4},"end":{"line":54,"column":null}},{"start":{},"end":{}}],"line":54},"5":{"loc":{"start":{"line":60,"column":4},"end":{"line":60,"column":null}},"type":"if","locations":[{"start":{"line":60,"column":4},"end":{"line":60,"column":null}},{"start":{},"end":{}}],"line":60},"6":{"loc":{"start":{"line":70,"column":8},"end":{"line":70,"column":null}},"type":"binary-expr","locations":[{"start":{"line":70,"column":8},"end":{"line":70,"column":21}},{"start":{"line":70,"column":21},"end":{"line":70,"column":null}}],"line":70},"7":{"loc":{"start":{"line":71,"column":8},"end":{"line":71,"column":null}},"type":"cond-expr","locations":[{"start":{"line":71,"column":41},"end":{"line":71,"column":61}},{"start":{"line":71,"column":61},"end":{"line":71,"column":null}}],"line":71},"8":{"loc":{"start":{"line":71,"column":61},"end":{"line":71,"column":null}},"type":"binary-expr","locations":[{"start":{"line":71,"column":61},"end":{"line":71,"column":85}},{"start":{"line":71,"column":85},"end":{"line":71,"column":null}}],"line":71},"9":{"loc":{"start":{"line":72,"column":8},"end":{"line":72,"column":null}},"type":"binary-expr","locations":[{"start":{"line":72,"column":8},"end":{"line":72,"column":25}},{"start":{"line":72,"column":25},"end":{"line":72,"column":null}}],"line":72},"10":{"loc":{"start":{"line":73,"column":8},"end":{"line":73,"column":null}},"type":"cond-expr","locations":[{"start":{"line":73,"column":26},"end":{"line":73,"column":60}},{"start":{"line":73,"column":60},"end":{"line":73,"column":null}}],"line":73},"11":{"loc":{"start":{"line":96,"column":12},"end":{"line":96,"column":34}},"type":"cond-expr","locations":[{"start":{"line":96,"column":27},"end":{"line":96,"column":31}},{"start":{"line":96,"column":31},"end":{"line":96,"column":34}}],"line":96},"12":{"loc":{"start":{"line":96,"column":34},"end":{"line":96,"column":61}},"type":"cond-expr","locations":[{"start":{"line":96,"column":49},"end":{"line":96,"column":55}},{"start":{"line":96,"column":55},"end":{"line":96,"column":61}}],"line":96}},"s":{"0":5,"1":12,"2":2,"3":2,"4":7,"5":7,"6":2,"7":2,"8":2,"9":2,"10":1,"11":1,"12":2,"13":2,"14":1,"15":1,"16":1,"17":1,"18":2,"19":2,"20":2,"21":2},"f":{"0":5,"1":12,"2":2,"3":7,"4":2,"5":2,"6":2,"7":2},"b":{"0":[5,0],"1":[5,5],"2":[4,3],"3":[2,1],"4":[1,1],"5":[1,1],"6":[1,0],"7":[0,1],"8":[1,0],"9":[2,1],"10":[0,1],"11":[1,1],"12":[1,1]},"meta":{"lastBranch":13,"lastFunction":8,"lastStatement":22,"seen":{"f:3:9:3:21":0,"s:4:2:14:Infinity":0,"b:7:18:7:48:7:48:7:Infinity":0,"b:11:25:11:64:11:64:11:Infinity":1,"f:18:2:18:22":1,"s:18:22:18:38":1,"f:20:8:20:34":2,"s:21:19:23:Infinity":2,"s:24:4:24:Infinity":3,"f:27:8:27:16":3,"s:28:16:31:Infinity":4,"s:32:4:32:Infinity":5,"b:32:17:32:36:32:36:32:Infinity":2,"f:35:8:35:15":4,"s:36:10:36:Infinity":6,"s:37:4:51:Infinity":7,"b:45:8:45:28:45:28:45:Infinity":3,"s:53:19:53:Infinity":8,"b:54:4:54:Infinity:undefined:undefined:undefined:undefined":4,"s:54:4:54:Infinity":9,"s:54:17:54:Infinity":10,"s:55:4:55:Infinity":11,"f:58:8:58:15":5,"s:59:21:59:Infinity":12,"b:60:4:60:Infinity:undefined:undefined:undefined:undefined":5,"s:60:4:60:Infinity":13,"s:60:19:60:Infinity":14,"s:62:10:62:Infinity":15,"s:63:4:77:Infinity":16,"b:70:8:70:21:70:21:70:Infinity":6,"b:71:41:71:61:71:61:71:Infinity":7,"b:71:61:71:85:71:85:71:Infinity":8,"b:72:8:72:25:72:25:72:Infinity":9,"b:73:26:73:60:73:60:73:Infinity":10,"s:79:4:79:Infinity":17,"f:82:8:82:15":6,"s:83:19:86:Infinity":18,"s:87:4:87:Infinity":19,"f:90:8:90:25":7,"s:91:10:91:Infinity":20,"s:92:4:97:Infinity":21,"b:96:27:96:31:96:31:96:34":11,"b:96:49:96:55:96:55:96:61":12}}}
}
